<?xml version="1.0" encoding="UTF-8"?>
<!-- Generated by org.testng.reporters.JUnitReportReporter -->
<testsuite name="patient.tests.LoginTest" tests="2" time="14.439" ignored="0" failures="2" timestamp="17 Jul 2017 22:52:36 GMT" skipped="0" hostname="MacBook-Pro.local" errors="0">
  <testcase name="checkMenuLinksLoggedIn" time="9.161" classname="patient.tests.LoginTest">
    <failure type="java.lang.AssertionError" message="assertEquals() failed!  Actual: &quot;Scheduled Visits&quot;  Expected: &quot;Book Visit&quot;">
      <![CDATA[java.lang.AssertionError: assertEquals() failed!  Actual: "Scheduled Visits"  Expected: "Book Visit"
	at org.testng.Assert.fail(Assert.java:94)
	at framework.validation.CommonValidate.fail(CommonValidate.java:200)
	at framework.validation.CommonValidate.assertEquals(CommonValidate.java:119)
	at patient.pages.HomePage.validateTitle(HomePage.java:60)
	at patient.tests.LoginTest.checkMenuLinksLoggedIn(LoginTest.java:44)
	at sun.reflect.NativeMethodAccessorImpl.invoke0(Native Method)
	at sun.reflect.NativeMethodAccessorImpl.invoke(NativeMethodAccessorImpl.java:62)
	at sun.reflect.DelegatingMethodAccessorImpl.invoke(DelegatingMethodAccessorImpl.java:43)
	at java.lang.reflect.Method.invoke(Method.java:498)
	at org.testng.internal.MethodInvocationHelper.invokeMethod(MethodInvocationHelper.java:104)
	at org.testng.internal.Invoker.invokeMethod(Invoker.java:645)
	at org.testng.internal.Invoker.invokeTestMethod(Invoker.java:851)
	at org.testng.internal.Invoker.invokeTestMethods(Invoker.java:1177)
	at org.testng.internal.TestMethodWorker.invokeTestMethods(TestMethodWorker.java:129)
	at org.testng.internal.TestMethodWorker.run(TestMethodWorker.java:112)
	at java.util.concurrent.ThreadPoolExecutor.runWorker(ThreadPoolExecutor.java:1142)
	at java.util.concurrent.ThreadPoolExecutor$Worker.run(ThreadPoolExecutor.java:617)
	at java.lang.Thread.run(Thread.java:748)
]]>
    </failure>
  </testcase> <!-- checkMenuLinksLoggedIn -->
  <testcase name="loginWithValidCredentials" time="5.278" classname="patient.tests.LoginTest">
    <failure type="java.lang.AssertionError" message="assertEquals() failed!  Actual: &quot;Scheduled Visits&quot;  Expected: &quot;Book Visit&quot;">
      <![CDATA[java.lang.AssertionError: assertEquals() failed!  Actual: "Scheduled Visits"  Expected: "Book Visit"
	at org.testng.Assert.fail(Assert.java:94)
	at framework.validation.CommonValidate.fail(CommonValidate.java:200)
	at framework.validation.CommonValidate.assertEquals(CommonValidate.java:119)
	at patient.pages.HomePage.validateTitle(HomePage.java:60)
	at patient.tests.LoginTest.loginWithValidCredentials(LoginTest.java:26)
	at sun.reflect.NativeMethodAccessorImpl.invoke0(Native Method)
	at sun.reflect.NativeMethodAccessorImpl.invoke(NativeMethodAccessorImpl.java:62)
	at sun.reflect.DelegatingMethodAccessorImpl.invoke(DelegatingMethodAccessorImpl.java:43)
	at java.lang.reflect.Method.invoke(Method.java:498)
	at org.testng.internal.MethodInvocationHelper.invokeMethod(MethodInvocationHelper.java:104)
	at org.testng.internal.Invoker.invokeMethod(Invoker.java:645)
	at org.testng.internal.Invoker.invokeTestMethod(Invoker.java:851)
	at org.testng.internal.Invoker.invokeTestMethods(Invoker.java:1177)
	at org.testng.internal.TestMethodWorker.invokeTestMethods(TestMethodWorker.java:129)
	at org.testng.internal.TestMethodWorker.run(TestMethodWorker.java:112)
	at java.util.concurrent.ThreadPoolExecutor.runWorker(ThreadPoolExecutor.java:1142)
	at java.util.concurrent.ThreadPoolExecutor$Worker.run(ThreadPoolExecutor.java:617)
	at java.lang.Thread.run(Thread.java:748)
]]>
    </failure>
  </testcase> <!-- loginWithValidCredentials -->
</testsuite> <!-- patient.tests.LoginTest -->
