<?xml version="1.0" encoding="UTF-8"?>
<!-- Generated by org.testng.reporters.JUnitXMLReporter -->
<testsuite hostname="MacBook-Pro.local" ignored="0" name="Login and Register" tests="3" failures="3" timestamp="17 Jul 2017 22:52:31 GMT" time="14.664" errors="0">
  <testcase name="checkPofilesPageElements" time="3.837" classname="patient.tests.AddCardTest">
    <failure type="org.openqa.selenium.StaleElementReferenceException" message="An element command failed because the referenced element is no longer available. (WARNING: The server did not provide any stacktrace information)
Command duration or timeout: 18 milliseconds
For documentation on this error, please visit: http://seleniumhq.org/exceptions/stale_element_reference.html
Build info: version: &amp;apos;3.4.0&amp;apos;, revision: &amp;apos;unknown&amp;apos;, time: &amp;apos;unknown&amp;apos;
System info: host: &amp;apos;MacBook-Pro.local&amp;apos;, ip: &amp;apos;fe80:0:0:0:18fe:c6af:4416:88f7%en0&amp;apos;, os.name: &amp;apos;Mac OS X&amp;apos;, os.arch: &amp;apos;x86_64&amp;apos;, os.version: &amp;apos;10.12.5&amp;apos;, java.version: &amp;apos;1.8.0_131&amp;apos;
Driver info: org.openqa.selenium.safari.SafariDriver
Capabilities [{applicationCacheEnabled=true, rotatable=false, databaseEnabled=true, handlesAlerts=true, version=12603.2.4, cleanSession=true, platform=MAC, nativeEvents=true, locationContextEnabled=false, webStorageEnabled=true, browserName=safari, javascriptEnabled=true, platformName=macOS, cssSelectorsEnabled=true}]
Session ID: 602B3E5C-FB62-4BB6-920B-22C70112B8D8">
      <![CDATA[org.openqa.selenium.StaleElementReferenceException: An element command failed because the referenced element is no longer available. (WARNING: The server did not provide any stacktrace information)
Command duration or timeout: 18 milliseconds
For documentation on this error, please visit: http://seleniumhq.org/exceptions/stale_element_reference.html
Build info: version: '3.4.0', revision: 'unknown', time: 'unknown'
System info: host: 'MacBook-Pro.local', ip: 'fe80:0:0:0:18fe:c6af:4416:88f7%en0', os.name: 'Mac OS X', os.arch: 'x86_64', os.version: '10.12.5', java.version: '1.8.0_131'
Driver info: org.openqa.selenium.safari.SafariDriver
Capabilities [{applicationCacheEnabled=true, rotatable=false, databaseEnabled=true, handlesAlerts=true, version=12603.2.4, cleanSession=true, platform=MAC, nativeEvents=true, locationContextEnabled=false, webStorageEnabled=true, browserName=safari, javascriptEnabled=true, platformName=macOS, cssSelectorsEnabled=true}]
Session ID: 602B3E5C-FB62-4BB6-920B-22C70112B8D8
	at org.openqa.selenium.remote.ErrorHandler.createThrowable(ErrorHandler.java:215)
	at org.openqa.selenium.remote.ErrorHandler.throwIfResponseFailed(ErrorHandler.java:167)
	at org.openqa.selenium.remote.RemoteWebDriver.execute(RemoteWebDriver.java:671)
	at org.openqa.selenium.remote.RemoteWebElement.execute(RemoteWebElement.java:272)
	at org.openqa.selenium.remote.RemoteWebElement.sendKeys(RemoteWebElement.java:96)
	at framework.web.CommonWebElement.sendKeys(CommonWebElement.java:358)
	at patient.pages.LoginPage.login(LoginPage.java:60)
	at patient.tests.AddCardTest.checkPofilesPageElements(AddCardTest.java:26)
	at java.util.concurrent.ThreadPoolExecutor.runWorker(ThreadPoolExecutor.java:1142)
	at java.util.concurrent.ThreadPoolExecutor$Worker.run(ThreadPoolExecutor.java:617)
	at java.lang.Thread.run(Thread.java:748)
... Removed 14 stack frames]]>
    </failure>
  </testcase> <!-- checkPofilesPageElements -->
  <testcase name="checkMenuLinksLoggedIn" time="9.161" classname="patient.tests.LoginTest">
    <failure type="java.lang.AssertionError" message="assertEquals() failed!  Actual: &amp;quot;Scheduled Visits&amp;quot;  Expected: &amp;quot;Book Visit&amp;quot;">
      <![CDATA[java.lang.AssertionError: assertEquals() failed!  Actual: "Scheduled Visits"  Expected: "Book Visit"
	at framework.validation.CommonValidate.fail(CommonValidate.java:200)
	at framework.validation.CommonValidate.assertEquals(CommonValidate.java:119)
	at patient.pages.HomePage.validateTitle(HomePage.java:60)
	at patient.tests.LoginTest.checkMenuLinksLoggedIn(LoginTest.java:44)
	at java.util.concurrent.ThreadPoolExecutor.runWorker(ThreadPoolExecutor.java:1142)
	at java.util.concurrent.ThreadPoolExecutor$Worker.run(ThreadPoolExecutor.java:617)
	at java.lang.Thread.run(Thread.java:748)
... Removed 11 stack frames]]>
    </failure>
  </testcase> <!-- checkMenuLinksLoggedIn -->
  <testcase name="loginWithValidCredentials" time="5.278" classname="patient.tests.LoginTest">
    <failure type="java.lang.AssertionError" message="assertEquals() failed!  Actual: &amp;quot;Scheduled Visits&amp;quot;  Expected: &amp;quot;Book Visit&amp;quot;">
      <![CDATA[java.lang.AssertionError: assertEquals() failed!  Actual: "Scheduled Visits"  Expected: "Book Visit"
	at framework.validation.CommonValidate.fail(CommonValidate.java:200)
	at framework.validation.CommonValidate.assertEquals(CommonValidate.java:119)
	at patient.pages.HomePage.validateTitle(HomePage.java:60)
	at patient.tests.LoginTest.loginWithValidCredentials(LoginTest.java:26)
	at java.util.concurrent.ThreadPoolExecutor.runWorker(ThreadPoolExecutor.java:1142)
	at java.util.concurrent.ThreadPoolExecutor$Worker.run(ThreadPoolExecutor.java:617)
	at java.lang.Thread.run(Thread.java:748)
... Removed 11 stack frames]]>
    </failure>
  </testcase> <!-- loginWithValidCredentials -->
</testsuite> <!-- Login and Register -->
