<html>
<head>
<title>TestNG:  Login and Register</title>
<link href="../testng.css" rel="stylesheet" type="text/css" />
<link href="../my-testng.css" rel="stylesheet" type="text/css" />

<style type="text/css">
.log { display: none;} 
.stack-trace { display: none;} 
</style>
<script type="text/javascript">
<!--
function flip(e) {
  current = e.style.display;
  if (current == 'block') {
    e.style.display = 'none';
    return 0;
  }
  else {
    e.style.display = 'block';
    return 1;
  }
}

function toggleBox(szDivId, elem, msg1, msg2)
{
  var res = -1;  if (document.getElementById) {
    res = flip(document.getElementById(szDivId));
  }
  else if (document.all) {
    // this is the way old msie versions work
    res = flip(document.all[szDivId]);
  }
  if(elem) {
    if(res == 0) elem.innerHTML = msg1; else elem.innerHTML = msg2;
  }

}

function toggleAllBoxes() {
  if (document.getElementsByTagName) {
    d = document.getElementsByTagName('div');
    for (i = 0; i < d.length; i++) {
      if (d[i].className == 'log') {
        flip(d[i]);
      }
    }
  }
}

// -->
</script>

</head>
<body>
<h2 align='center'>Login and Register</h2><table border='1' align="center">
<tr>
<td>Tests passed/Failed/Skipped:</td><td>0/3/0</td>
</tr><tr>
<td>Started on:</td><td>Mon Jul 17 15:52:11 PDT 2017</td>
</tr>
<tr><td>Total time:</td><td>14 seconds (14664 ms)</td>
</tr><tr>
<td>Included groups:</td><td></td>
</tr><tr>
<td>Excluded groups:</td><td></td>
</tr>
</table><p/>
<small><i>(Hover the method name to see the test class name)</i></small><p/>
<table width='100%' border='1' class='invocation-failed'>
<tr><td colspan='4' align='center'><b>FAILED TESTS</b></td></tr>
<tr><td><b>Test method</b></td>
<td width="30%"><b>Exception</b></td>
<td width="10%"><b>Time (seconds)</b></td>
<td><b>Instance</b></td>
</tr>
<tr>
<td title='patient.tests.LoginTest.checkMenuLinksLoggedIn()'><b>checkMenuLinksLoggedIn</b><br>Test class: patient.tests.LoginTest<br>Parameters: https://patient.qa.heal.com/login<br/>
<a href="#Output-485078600" onClick='toggleBox("Output-485078600", this, "Show output", "Hide output");'>Show output</a>

<a href="#Output-485078600" onClick="toggleAllBoxes();">Show all outputs</a>
<div class='log' id="Output-485078600">
waitForVisible():  {oUserNameInput}, {By.name: username}<br/>
waitForElement():  {oUserNameInput}, {By.name: username}<br/>
waitForVisible():  {oPasswordInput}, {By.name: password}<br/>
waitForElement():  {oPasswordInput}, {By.name: password}<br/>
waitForVisible():  {oLoginBtn}, {By.xpath: //button[@type='submit']}<br/>
waitForElement():  {oLoginBtn}, {By.xpath: //button[@type='submit']}<br/>
waitForElement():  {oLoadingBar}, {By.xpath: //*[@class='md-container md-mode-indeterminate']}<br/>
waitForInvisible():  {oLoadingBar}, {By.xpath: //*[@class='md-container md-mode-indeterminate']}<br/>
waitForElement():  {oMenuBtn}, {By.xpath: //button[contains(@class,'md-icon-button')]}<br/>
waitForElement():  {oHomeLnk}, {By.xpath: //*[@ui-sref='main.body.home']}<br/>
waitForElement():  {oLoadingBar}, {By.xpath: //*[@class='md-container md-mode-indeterminate']}<br/>
waitForInvisible():  {oLoadingBar}, {By.xpath: //*[@class='md-container md-mode-indeterminate']}<br/>
waitForVisible():  {oPageTitle}, {By.xpath: //*[contains(@class,'title')]}<br/>
waitForElement():  {oPageTitle}, {By.xpath: //*[contains(@class,'title')]}<br/>
"{Verifying Visits page title }" - assertEquals() failed! Actual: "{Scheduled Visits}"  Expected: "{Book Visit}"<br/>
</div>
</td>
<td><div><pre>java.lang.AssertionError: assertEquals() failed!  Actual: &quot;Scheduled Visits&quot;  Expected: &quot;Book Visit&quot;
	at framework.validation.CommonValidate.fail(CommonValidate.java:200)
	at framework.validation.CommonValidate.assertEquals(CommonValidate.java:119)
	at patient.pages.HomePage.validateTitle(HomePage.java:60)
	at patient.tests.LoginTest.checkMenuLinksLoggedIn(LoginTest.java:44)
	at java.util.concurrent.ThreadPoolExecutor.runWorker(ThreadPoolExecutor.java:1142)
	at java.util.concurrent.ThreadPoolExecutor$Worker.run(ThreadPoolExecutor.java:617)
	at java.lang.Thread.run(Thread.java:748)
... Removed 11 stack frames</pre></div><a href='#' onClick='toggleBox("stack-trace485078600", this, "Click to show all stack frames", "Click to hide stack frames")'>Click to show all stack frames</a>
<div class='stack-trace' id='stack-trace485078600'><pre>java.lang.AssertionError: assertEquals() failed!  Actual: &quot;Scheduled Visits&quot;  Expected: &quot;Book Visit&quot;
	at org.testng.Assert.fail(Assert.java:94)
	at framework.validation.CommonValidate.fail(CommonValidate.java:200)
	at framework.validation.CommonValidate.assertEquals(CommonValidate.java:119)
	at patient.pages.HomePage.validateTitle(HomePage.java:60)
	at patient.tests.LoginTest.checkMenuLinksLoggedIn(LoginTest.java:44)
	at sun.reflect.NativeMethodAccessorImpl.invoke0(Native Method)
	at sun.reflect.NativeMethodAccessorImpl.invoke(NativeMethodAccessorImpl.java:62)
	at sun.reflect.DelegatingMethodAccessorImpl.invoke(DelegatingMethodAccessorImpl.java:43)
	at java.lang.reflect.Method.invoke(Method.java:498)
	at org.testng.internal.MethodInvocationHelper.invokeMethod(MethodInvocationHelper.java:104)
	at org.testng.internal.Invoker.invokeMethod(Invoker.java:645)
	at org.testng.internal.Invoker.invokeTestMethod(Invoker.java:851)
	at org.testng.internal.Invoker.invokeTestMethods(Invoker.java:1177)
	at org.testng.internal.TestMethodWorker.invokeTestMethods(TestMethodWorker.java:129)
	at org.testng.internal.TestMethodWorker.run(TestMethodWorker.java:112)
	at java.util.concurrent.ThreadPoolExecutor.runWorker(ThreadPoolExecutor.java:1142)
	at java.util.concurrent.ThreadPoolExecutor$Worker.run(ThreadPoolExecutor.java:617)
	at java.lang.Thread.run(Thread.java:748)
</pre></div></td>
<td>9</td>
<td>patient.tests.LoginTest@3d24753a</td></tr>
<tr>
<td title='patient.tests.AddCardTest.checkPofilesPageElements()'><b>checkPofilesPageElements</b><br>Test class: patient.tests.AddCardTest<br>Parameters: https://patient.qa.heal.com/login<br/>
<a href="#Output-1015945840" onClick='toggleBox("Output-1015945840", this, "Show output", "Hide output");'>Show output</a>

<a href="#Output-1015945840" onClick="toggleAllBoxes();">Show all outputs</a>
<div class='log' id="Output-1015945840">
waitForVisible():  {oUserNameInput}, {By.name: username}<br/>
waitForElement():  {oUserNameInput}, {By.name: username}<br/>
</div>
</td>
<td><div><pre>org.openqa.selenium.StaleElementReferenceException: An element command failed because the referenced element is no longer available. (WARNING: The server did not provide any stacktrace information)
Command duration or timeout: 18 milliseconds
For documentation on this error, please visit: http://seleniumhq.org/exceptions/stale_element_reference.html
Build info: version: &apos;3.4.0&apos;, revision: &apos;unknown&apos;, time: &apos;unknown&apos;
System info: host: &apos;MacBook-Pro.local&apos;, ip: &apos;fe80:0:0:0:18fe:c6af:4416:88f7%en0&apos;, os.name: &apos;Mac OS X&apos;, os.arch: &apos;x86_64&apos;, os.version: &apos;10.12.5&apos;, java.version: &apos;1.8.0_131&apos;
Driver info: org.openqa.selenium.safari.SafariDriver
Capabilities [{applicationCacheEnabled=true, rotatable=false, databaseEnabled=true, handlesAlerts=true, version=12603.2.4, cleanSession=true, platform=MAC, nativeEvents=true, locationContextEnabled=false, webStorageEnabled=true, browserName=safari, javascriptEnabled=true, platformName=macOS, cssSelectorsEnabled=true}]
Session ID: 602B3E5C-FB62-4BB6-920B-22C70112B8D8
	at org.openqa.selenium.remote.ErrorHandler.createThrowable(ErrorHandler.java:215)
	at org.openqa.selenium.remote.ErrorHandler.throwIfResponseFailed(ErrorHandler.java:167)
	at org.openqa.selenium.remote.RemoteWebDriver.execute(RemoteWebDriver.java:671)
	at org.openqa.selenium.remote.RemoteWebElement.execute(RemoteWebElement.java:272)
	at org.openqa.selenium.remote.RemoteWebElement.sendKeys(RemoteWebElement.java:96)
	at framework.web.CommonWebElement.sendKeys(CommonWebElement.java:358)
	at patient.pages.LoginPage.login(LoginPage.java:60)
	at patient.tests.AddCardTest.checkPofilesPageElements(AddCardTest.java:26)
	at java.util.concurrent.ThreadPoolExecutor.runWorker(ThreadPoolExecutor.java:1142)
	at java.util.concurrent.ThreadPoolExecutor$Worker.run(ThreadPoolExecutor.java:617)
	at java.lang.Thread.run(Thread.java:748)
... Removed 14 stack frames</pre></div><a href='#' onClick='toggleBox("stack-trace1015945840", this, "Click to show all stack frames", "Click to hide stack frames")'>Click to show all stack frames</a>
<div class='stack-trace' id='stack-trace1015945840'><pre>org.openqa.selenium.StaleElementReferenceException: An element command failed because the referenced element is no longer available. (WARNING: The server did not provide any stacktrace information)
Command duration or timeout: 18 milliseconds
For documentation on this error, please visit: http://seleniumhq.org/exceptions/stale_element_reference.html
Build info: version: &apos;3.4.0&apos;, revision: &apos;unknown&apos;, time: &apos;unknown&apos;
System info: host: &apos;MacBook-Pro.local&apos;, ip: &apos;fe80:0:0:0:18fe:c6af:4416:88f7%en0&apos;, os.name: &apos;Mac OS X&apos;, os.arch: &apos;x86_64&apos;, os.version: &apos;10.12.5&apos;, java.version: &apos;1.8.0_131&apos;
Driver info: org.openqa.selenium.safari.SafariDriver
Capabilities [{applicationCacheEnabled=true, rotatable=false, databaseEnabled=true, handlesAlerts=true, version=12603.2.4, cleanSession=true, platform=MAC, nativeEvents=true, locationContextEnabled=false, webStorageEnabled=true, browserName=safari, javascriptEnabled=true, platformName=macOS, cssSelectorsEnabled=true}]
Session ID: 602B3E5C-FB62-4BB6-920B-22C70112B8D8
	at sun.reflect.NativeConstructorAccessorImpl.newInstance0(Native Method)
	at sun.reflect.NativeConstructorAccessorImpl.newInstance(NativeConstructorAccessorImpl.java:62)
	at sun.reflect.DelegatingConstructorAccessorImpl.newInstance(DelegatingConstructorAccessorImpl.java:45)
	at java.lang.reflect.Constructor.newInstance(Constructor.java:423)
	at org.openqa.selenium.remote.ErrorHandler.createThrowable(ErrorHandler.java:215)
	at org.openqa.selenium.remote.ErrorHandler.throwIfResponseFailed(ErrorHandler.java:167)
	at org.openqa.selenium.remote.RemoteWebDriver.execute(RemoteWebDriver.java:671)
	at org.openqa.selenium.remote.RemoteWebElement.execute(RemoteWebElement.java:272)
	at org.openqa.selenium.remote.RemoteWebElement.sendKeys(RemoteWebElement.java:96)
	at framework.web.CommonWebElement.sendKeys(CommonWebElement.java:358)
	at patient.pages.LoginPage.login(LoginPage.java:60)
	at patient.tests.AddCardTest.checkPofilesPageElements(AddCardTest.java:26)
	at sun.reflect.NativeMethodAccessorImpl.invoke0(Native Method)
	at sun.reflect.NativeMethodAccessorImpl.invoke(NativeMethodAccessorImpl.java:62)
	at sun.reflect.DelegatingMethodAccessorImpl.invoke(DelegatingMethodAccessorImpl.java:43)
	at java.lang.reflect.Method.invoke(Method.java:498)
	at org.testng.internal.MethodInvocationHelper.invokeMethod(MethodInvocationHelper.java:104)
	at org.testng.internal.Invoker.invokeMethod(Invoker.java:645)
	at org.testng.internal.Invoker.invokeTestMethod(Invoker.java:851)
	at org.testng.internal.Invoker.invokeTestMethods(Invoker.java:1177)
	at org.testng.internal.TestMethodWorker.invokeTestMethods(TestMethodWorker.java:129)
	at org.testng.internal.TestMethodWorker.run(TestMethodWorker.java:112)
	at java.util.concurrent.ThreadPoolExecutor.runWorker(ThreadPoolExecutor.java:1142)
	at java.util.concurrent.ThreadPoolExecutor$Worker.run(ThreadPoolExecutor.java:617)
	at java.lang.Thread.run(Thread.java:748)
</pre></div></td>
<td>3</td>
<td>patient.tests.AddCardTest@19dfb72a</td></tr>
<tr>
<td title='patient.tests.LoginTest.loginWithValidCredentials()'><b>loginWithValidCredentials</b><br>Test class: patient.tests.LoginTest<br>Parameters: https://patient.qa.heal.com/login<br/>
<a href="#Output-1038180783" onClick='toggleBox("Output-1038180783", this, "Show output", "Hide output");'>Show output</a>

<a href="#Output-1038180783" onClick="toggleAllBoxes();">Show all outputs</a>
<div class='log' id="Output-1038180783">
waitForVisible():  {oUserNameInput}, {By.name: username}<br/>
waitForElement():  {oUserNameInput}, {By.name: username}<br/>
waitForVisible():  {oPasswordInput}, {By.name: password}<br/>
waitForElement():  {oPasswordInput}, {By.name: password}<br/>
waitForVisible():  {oLoginBtn}, {By.xpath: //button[@type='submit']}<br/>
waitForElement():  {oLoginBtn}, {By.xpath: //button[@type='submit']}<br/>
waitForVisible():  {oPageTitle}, {By.xpath: //*[contains(@class,'title')]}<br/>
waitForElement():  {oPageTitle}, {By.xpath: //*[contains(@class,'title')]}<br/>
"{Verifying Visits page title }" - assertEquals() failed! Actual: "{Scheduled Visits}"  Expected: "{Book Visit}"<br/>
</div>
</td>
<td><div><pre>java.lang.AssertionError: assertEquals() failed!  Actual: &quot;Scheduled Visits&quot;  Expected: &quot;Book Visit&quot;
	at framework.validation.CommonValidate.fail(CommonValidate.java:200)
	at framework.validation.CommonValidate.assertEquals(CommonValidate.java:119)
	at patient.pages.HomePage.validateTitle(HomePage.java:60)
	at patient.tests.LoginTest.loginWithValidCredentials(LoginTest.java:26)
	at java.util.concurrent.ThreadPoolExecutor.runWorker(ThreadPoolExecutor.java:1142)
	at java.util.concurrent.ThreadPoolExecutor$Worker.run(ThreadPoolExecutor.java:617)
	at java.lang.Thread.run(Thread.java:748)
... Removed 11 stack frames</pre></div><a href='#' onClick='toggleBox("stack-trace1038180783", this, "Click to show all stack frames", "Click to hide stack frames")'>Click to show all stack frames</a>
<div class='stack-trace' id='stack-trace1038180783'><pre>java.lang.AssertionError: assertEquals() failed!  Actual: &quot;Scheduled Visits&quot;  Expected: &quot;Book Visit&quot;
	at org.testng.Assert.fail(Assert.java:94)
	at framework.validation.CommonValidate.fail(CommonValidate.java:200)
	at framework.validation.CommonValidate.assertEquals(CommonValidate.java:119)
	at patient.pages.HomePage.validateTitle(HomePage.java:60)
	at patient.tests.LoginTest.loginWithValidCredentials(LoginTest.java:26)
	at sun.reflect.NativeMethodAccessorImpl.invoke0(Native Method)
	at sun.reflect.NativeMethodAccessorImpl.invoke(NativeMethodAccessorImpl.java:62)
	at sun.reflect.DelegatingMethodAccessorImpl.invoke(DelegatingMethodAccessorImpl.java:43)
	at java.lang.reflect.Method.invoke(Method.java:498)
	at org.testng.internal.MethodInvocationHelper.invokeMethod(MethodInvocationHelper.java:104)
	at org.testng.internal.Invoker.invokeMethod(Invoker.java:645)
	at org.testng.internal.Invoker.invokeTestMethod(Invoker.java:851)
	at org.testng.internal.Invoker.invokeTestMethods(Invoker.java:1177)
	at org.testng.internal.TestMethodWorker.invokeTestMethods(TestMethodWorker.java:129)
	at org.testng.internal.TestMethodWorker.run(TestMethodWorker.java:112)
	at java.util.concurrent.ThreadPoolExecutor.runWorker(ThreadPoolExecutor.java:1142)
	at java.util.concurrent.ThreadPoolExecutor$Worker.run(ThreadPoolExecutor.java:617)
	at java.lang.Thread.run(Thread.java:748)
</pre></div></td>
<td>5</td>
<td>patient.tests.LoginTest@3d24753a</td></tr>
</table><p>
</body>
</html>