<?xml version="1.0" encoding="UTF-8"?>
<testng-results skipped="0" failed="3" ignored="0" total="3" passed="0">
  <reporter-output>
    <line>
      <![CDATA[waitForVisible():  {oUserNameInput}, {By.name: username}]]>
    </line>
    <line>
      <![CDATA[waitForElement():  {oUserNameInput}, {By.name: username}]]>
    </line>
    <line>
      <![CDATA[waitForVisible():  {oUserNameInput}, {By.name: username}]]>
    </line>
    <line>
      <![CDATA[waitForElement():  {oUserNameInput}, {By.name: username}]]>
    </line>
    <line>
      <![CDATA[waitForVisible():  {oPasswordInput}, {By.name: password}]]>
    </line>
    <line>
      <![CDATA[waitForElement():  {oPasswordInput}, {By.name: password}]]>
    </line>
    <line>
      <![CDATA[waitForVisible():  {oLoginBtn}, {By.xpath: //button[@type='submit']}]]>
    </line>
    <line>
      <![CDATA[waitForElement():  {oLoginBtn}, {By.xpath: //button[@type='submit']}]]>
    </line>
    <line>
      <![CDATA[waitForElement():  {oLoadingBar}, {By.xpath: //*[@class='md-container md-mode-indeterminate']}]]>
    </line>
    <line>
      <![CDATA[waitForInvisible():  {oLoadingBar}, {By.xpath: //*[@class='md-container md-mode-indeterminate']}]]>
    </line>
    <line>
      <![CDATA[waitForElement():  {oMenuBtn}, {By.xpath: //button[contains(@class,'md-icon-button')]}]]>
    </line>
    <line>
      <![CDATA[waitForElement():  {oHomeLnk}, {By.xpath: //*[@ui-sref='main.body.home']}]]>
    </line>
    <line>
      <![CDATA[waitForElement():  {oLoadingBar}, {By.xpath: //*[@class='md-container md-mode-indeterminate']}]]>
    </line>
    <line>
      <![CDATA[waitForInvisible():  {oLoadingBar}, {By.xpath: //*[@class='md-container md-mode-indeterminate']}]]>
    </line>
    <line>
      <![CDATA[waitForVisible():  {oPageTitle}, {By.xpath: //*[contains(@class,'title')]}]]>
    </line>
    <line>
      <![CDATA[waitForElement():  {oPageTitle}, {By.xpath: //*[contains(@class,'title')]}]]>
    </line>
    <line>
      <![CDATA["{Verifying Visits page title }" - assertEquals() failed! Actual: "{Scheduled Visits}"  Expected: "{Book Visit}"]]>
    </line>
    <line>
      <![CDATA[waitForVisible():  {oUserNameInput}, {By.name: username}]]>
    </line>
    <line>
      <![CDATA[waitForElement():  {oUserNameInput}, {By.name: username}]]>
    </line>
    <line>
      <![CDATA[waitForVisible():  {oPasswordInput}, {By.name: password}]]>
    </line>
    <line>
      <![CDATA[waitForElement():  {oPasswordInput}, {By.name: password}]]>
    </line>
    <line>
      <![CDATA[waitForVisible():  {oLoginBtn}, {By.xpath: //button[@type='submit']}]]>
    </line>
    <line>
      <![CDATA[waitForElement():  {oLoginBtn}, {By.xpath: //button[@type='submit']}]]>
    </line>
    <line>
      <![CDATA[waitForVisible():  {oPageTitle}, {By.xpath: //*[contains(@class,'title')]}]]>
    </line>
    <line>
      <![CDATA[waitForElement():  {oPageTitle}, {By.xpath: //*[contains(@class,'title')]}]]>
    </line>
    <line>
      <![CDATA["{Verifying Visits page title }" - assertEquals() failed! Actual: "{Scheduled Visits}"  Expected: "{Book Visit}"]]>
    </line>
  </reporter-output>
  <suite name="Critical Path" duration-ms="14664" started-at="2017-07-17T22:52:11Z" finished-at="2017-07-17T22:52:26Z">
    <groups>
      <group name="regression">
        <method signature="LoginTest.checkMenuLinksLoggedIn(java.lang.String)[pri:0, instance:patient.tests.LoginTest@3d24753a]" name="checkMenuLinksLoggedIn" class="patient.tests.LoginTest"/>
        <method signature="LoginTest.loginWithValidCredentials(java.lang.String)[pri:0, instance:patient.tests.LoginTest@3d24753a]" name="loginWithValidCredentials" class="patient.tests.LoginTest"/>
      </group> <!-- regression -->
      <group name="smoke">
        <method signature="LoginTest.loginWithValidCredentials(java.lang.String)[pri:0, instance:patient.tests.LoginTest@3d24753a]" name="loginWithValidCredentials" class="patient.tests.LoginTest"/>
      </group> <!-- smoke -->
    </groups>
    <test name="Login and Register" duration-ms="14664" started-at="2017-07-17T22:52:11Z" finished-at="2017-07-17T22:52:26Z">
      <class name="patient.tests.LoginTest">
        <test-method status="FAIL" signature="checkMenuLinksLoggedIn(java.lang.String)[pri:0, instance:patient.tests.LoginTest@3d24753a]" name="checkMenuLinksLoggedIn" duration-ms="9161" started-at="2017-07-17T15:52:11Z" finished-at="2017-07-17T15:52:21Z">
          <params>
            <param index="0">
              <value>
                <![CDATA[https://patient.qa.heal.com/login]]>
              </value>
            </param>
          </params>
          <exception class="java.lang.AssertionError">
            <message>
              <![CDATA[assertEquals() failed!  Actual: "Scheduled Visits"  Expected: "Book Visit"]]>
            </message>
            <full-stacktrace>
              <![CDATA[java.lang.AssertionError: assertEquals() failed!  Actual: "Scheduled Visits"  Expected: "Book Visit"
	at org.testng.Assert.fail(Assert.java:94)
	at framework.validation.CommonValidate.fail(CommonValidate.java:200)
	at framework.validation.CommonValidate.assertEquals(CommonValidate.java:119)
	at patient.pages.HomePage.validateTitle(HomePage.java:60)
	at patient.tests.LoginTest.checkMenuLinksLoggedIn(LoginTest.java:44)
	at sun.reflect.NativeMethodAccessorImpl.invoke0(Native Method)
	at sun.reflect.NativeMethodAccessorImpl.invoke(NativeMethodAccessorImpl.java:62)
	at sun.reflect.DelegatingMethodAccessorImpl.invoke(DelegatingMethodAccessorImpl.java:43)
	at java.lang.reflect.Method.invoke(Method.java:498)
	at org.testng.internal.MethodInvocationHelper.invokeMethod(MethodInvocationHelper.java:104)
	at org.testng.internal.Invoker.invokeMethod(Invoker.java:645)
	at org.testng.internal.Invoker.invokeTestMethod(Invoker.java:851)
	at org.testng.internal.Invoker.invokeTestMethods(Invoker.java:1177)
	at org.testng.internal.TestMethodWorker.invokeTestMethods(TestMethodWorker.java:129)
	at org.testng.internal.TestMethodWorker.run(TestMethodWorker.java:112)
	at java.util.concurrent.ThreadPoolExecutor.runWorker(ThreadPoolExecutor.java:1142)
	at java.util.concurrent.ThreadPoolExecutor$Worker.run(ThreadPoolExecutor.java:617)
	at java.lang.Thread.run(Thread.java:748)
]]>
            </full-stacktrace>
          </exception> <!-- java.lang.AssertionError -->
          <reporter-output>
            <line>
              <![CDATA[waitForVisible():  {oUserNameInput}, {By.name: username}]]>
            </line>
            <line>
              <![CDATA[waitForElement():  {oUserNameInput}, {By.name: username}]]>
            </line>
            <line>
              <![CDATA[waitForVisible():  {oPasswordInput}, {By.name: password}]]>
            </line>
            <line>
              <![CDATA[waitForElement():  {oPasswordInput}, {By.name: password}]]>
            </line>
            <line>
              <![CDATA[waitForVisible():  {oLoginBtn}, {By.xpath: //button[@type='submit']}]]>
            </line>
            <line>
              <![CDATA[waitForElement():  {oLoginBtn}, {By.xpath: //button[@type='submit']}]]>
            </line>
            <line>
              <![CDATA[waitForElement():  {oLoadingBar}, {By.xpath: //*[@class='md-container md-mode-indeterminate']}]]>
            </line>
            <line>
              <![CDATA[waitForInvisible():  {oLoadingBar}, {By.xpath: //*[@class='md-container md-mode-indeterminate']}]]>
            </line>
            <line>
              <![CDATA[waitForElement():  {oMenuBtn}, {By.xpath: //button[contains(@class,'md-icon-button')]}]]>
            </line>
            <line>
              <![CDATA[waitForElement():  {oHomeLnk}, {By.xpath: //*[@ui-sref='main.body.home']}]]>
            </line>
            <line>
              <![CDATA[waitForElement():  {oLoadingBar}, {By.xpath: //*[@class='md-container md-mode-indeterminate']}]]>
            </line>
            <line>
              <![CDATA[waitForInvisible():  {oLoadingBar}, {By.xpath: //*[@class='md-container md-mode-indeterminate']}]]>
            </line>
            <line>
              <![CDATA[waitForVisible():  {oPageTitle}, {By.xpath: //*[contains(@class,'title')]}]]>
            </line>
            <line>
              <![CDATA[waitForElement():  {oPageTitle}, {By.xpath: //*[contains(@class,'title')]}]]>
            </line>
            <line>
              <![CDATA["{Verifying Visits page title }" - assertEquals() failed! Actual: "{Scheduled Visits}"  Expected: "{Book Visit}"]]>
            </line>
          </reporter-output>
        </test-method> <!-- checkMenuLinksLoggedIn -->
        <test-method status="FAIL" signature="loginWithValidCredentials(java.lang.String)[pri:0, instance:patient.tests.LoginTest@3d24753a]" name="loginWithValidCredentials" duration-ms="5278" started-at="2017-07-17T15:52:21Z" finished-at="2017-07-17T15:52:26Z">
          <params>
            <param index="0">
              <value>
                <![CDATA[https://patient.qa.heal.com/login]]>
              </value>
            </param>
          </params>
          <exception class="java.lang.AssertionError">
            <message>
              <![CDATA[assertEquals() failed!  Actual: "Scheduled Visits"  Expected: "Book Visit"]]>
            </message>
            <full-stacktrace>
              <![CDATA[java.lang.AssertionError: assertEquals() failed!  Actual: "Scheduled Visits"  Expected: "Book Visit"
	at org.testng.Assert.fail(Assert.java:94)
	at framework.validation.CommonValidate.fail(CommonValidate.java:200)
	at framework.validation.CommonValidate.assertEquals(CommonValidate.java:119)
	at patient.pages.HomePage.validateTitle(HomePage.java:60)
	at patient.tests.LoginTest.loginWithValidCredentials(LoginTest.java:26)
	at sun.reflect.NativeMethodAccessorImpl.invoke0(Native Method)
	at sun.reflect.NativeMethodAccessorImpl.invoke(NativeMethodAccessorImpl.java:62)
	at sun.reflect.DelegatingMethodAccessorImpl.invoke(DelegatingMethodAccessorImpl.java:43)
	at java.lang.reflect.Method.invoke(Method.java:498)
	at org.testng.internal.MethodInvocationHelper.invokeMethod(MethodInvocationHelper.java:104)
	at org.testng.internal.Invoker.invokeMethod(Invoker.java:645)
	at org.testng.internal.Invoker.invokeTestMethod(Invoker.java:851)
	at org.testng.internal.Invoker.invokeTestMethods(Invoker.java:1177)
	at org.testng.internal.TestMethodWorker.invokeTestMethods(TestMethodWorker.java:129)
	at org.testng.internal.TestMethodWorker.run(TestMethodWorker.java:112)
	at java.util.concurrent.ThreadPoolExecutor.runWorker(ThreadPoolExecutor.java:1142)
	at java.util.concurrent.ThreadPoolExecutor$Worker.run(ThreadPoolExecutor.java:617)
	at java.lang.Thread.run(Thread.java:748)
]]>
            </full-stacktrace>
          </exception> <!-- java.lang.AssertionError -->
          <reporter-output>
            <line>
              <![CDATA[waitForVisible():  {oUserNameInput}, {By.name: username}]]>
            </line>
            <line>
              <![CDATA[waitForElement():  {oUserNameInput}, {By.name: username}]]>
            </line>
            <line>
              <![CDATA[waitForVisible():  {oPasswordInput}, {By.name: password}]]>
            </line>
            <line>
              <![CDATA[waitForElement():  {oPasswordInput}, {By.name: password}]]>
            </line>
            <line>
              <![CDATA[waitForVisible():  {oLoginBtn}, {By.xpath: //button[@type='submit']}]]>
            </line>
            <line>
              <![CDATA[waitForElement():  {oLoginBtn}, {By.xpath: //button[@type='submit']}]]>
            </line>
            <line>
              <![CDATA[waitForVisible():  {oPageTitle}, {By.xpath: //*[contains(@class,'title')]}]]>
            </line>
            <line>
              <![CDATA[waitForElement():  {oPageTitle}, {By.xpath: //*[contains(@class,'title')]}]]>
            </line>
            <line>
              <![CDATA["{Verifying Visits page title }" - assertEquals() failed! Actual: "{Scheduled Visits}"  Expected: "{Book Visit}"]]>
            </line>
          </reporter-output>
        </test-method> <!-- loginWithValidCredentials -->
      </class> <!-- patient.tests.LoginTest -->
      <class name="patient.tests.AddCardTest">
        <test-method status="FAIL" signature="checkPofilesPageElements(java.lang.String)[pri:0, instance:patient.tests.AddCardTest@19dfb72a]" name="checkPofilesPageElements" duration-ms="3837" started-at="2017-07-17T15:52:11Z" finished-at="2017-07-17T15:52:15Z">
          <params>
            <param index="0">
              <value>
                <![CDATA[https://patient.qa.heal.com/login]]>
              </value>
            </param>
          </params>
          <exception class="org.openqa.selenium.StaleElementReferenceException">
            <message>
              <![CDATA[An element command failed because the referenced element is no longer available. (WARNING: The server did not provide any stacktrace information)
Command duration or timeout: 18 milliseconds
For documentation on this error, please visit: http://seleniumhq.org/exceptions/stale_element_reference.html
Build info: version: '3.4.0', revision: 'unknown', time: 'unknown'
System info: host: 'MacBook-Pro.local', ip: 'fe80:0:0:0:18fe:c6af:4416:88f7%en0', os.name: 'Mac OS X', os.arch: 'x86_64', os.version: '10.12.5', java.version: '1.8.0_131'
Driver info: org.openqa.selenium.safari.SafariDriver
Capabilities [{applicationCacheEnabled=true, rotatable=false, databaseEnabled=true, handlesAlerts=true, version=12603.2.4, cleanSession=true, platform=MAC, nativeEvents=true, locationContextEnabled=false, webStorageEnabled=true, browserName=safari, javascriptEnabled=true, platformName=macOS, cssSelectorsEnabled=true}]
Session ID: 602B3E5C-FB62-4BB6-920B-22C70112B8D8]]>
            </message>
            <full-stacktrace>
              <![CDATA[org.openqa.selenium.StaleElementReferenceException: An element command failed because the referenced element is no longer available. (WARNING: The server did not provide any stacktrace information)
Command duration or timeout: 18 milliseconds
For documentation on this error, please visit: http://seleniumhq.org/exceptions/stale_element_reference.html
Build info: version: '3.4.0', revision: 'unknown', time: 'unknown'
System info: host: 'MacBook-Pro.local', ip: 'fe80:0:0:0:18fe:c6af:4416:88f7%en0', os.name: 'Mac OS X', os.arch: 'x86_64', os.version: '10.12.5', java.version: '1.8.0_131'
Driver info: org.openqa.selenium.safari.SafariDriver
Capabilities [{applicationCacheEnabled=true, rotatable=false, databaseEnabled=true, handlesAlerts=true, version=12603.2.4, cleanSession=true, platform=MAC, nativeEvents=true, locationContextEnabled=false, webStorageEnabled=true, browserName=safari, javascriptEnabled=true, platformName=macOS, cssSelectorsEnabled=true}]
Session ID: 602B3E5C-FB62-4BB6-920B-22C70112B8D8
	at sun.reflect.NativeConstructorAccessorImpl.newInstance0(Native Method)
	at sun.reflect.NativeConstructorAccessorImpl.newInstance(NativeConstructorAccessorImpl.java:62)
	at sun.reflect.DelegatingConstructorAccessorImpl.newInstance(DelegatingConstructorAccessorImpl.java:45)
	at java.lang.reflect.Constructor.newInstance(Constructor.java:423)
	at org.openqa.selenium.remote.ErrorHandler.createThrowable(ErrorHandler.java:215)
	at org.openqa.selenium.remote.ErrorHandler.throwIfResponseFailed(ErrorHandler.java:167)
	at org.openqa.selenium.remote.RemoteWebDriver.execute(RemoteWebDriver.java:671)
	at org.openqa.selenium.remote.RemoteWebElement.execute(RemoteWebElement.java:272)
	at org.openqa.selenium.remote.RemoteWebElement.sendKeys(RemoteWebElement.java:96)
	at framework.web.CommonWebElement.sendKeys(CommonWebElement.java:358)
	at patient.pages.LoginPage.login(LoginPage.java:60)
	at patient.tests.AddCardTest.checkPofilesPageElements(AddCardTest.java:26)
	at sun.reflect.NativeMethodAccessorImpl.invoke0(Native Method)
	at sun.reflect.NativeMethodAccessorImpl.invoke(NativeMethodAccessorImpl.java:62)
	at sun.reflect.DelegatingMethodAccessorImpl.invoke(DelegatingMethodAccessorImpl.java:43)
	at java.lang.reflect.Method.invoke(Method.java:498)
	at org.testng.internal.MethodInvocationHelper.invokeMethod(MethodInvocationHelper.java:104)
	at org.testng.internal.Invoker.invokeMethod(Invoker.java:645)
	at org.testng.internal.Invoker.invokeTestMethod(Invoker.java:851)
	at org.testng.internal.Invoker.invokeTestMethods(Invoker.java:1177)
	at org.testng.internal.TestMethodWorker.invokeTestMethods(TestMethodWorker.java:129)
	at org.testng.internal.TestMethodWorker.run(TestMethodWorker.java:112)
	at java.util.concurrent.ThreadPoolExecutor.runWorker(ThreadPoolExecutor.java:1142)
	at java.util.concurrent.ThreadPoolExecutor$Worker.run(ThreadPoolExecutor.java:617)
	at java.lang.Thread.run(Thread.java:748)
]]>
            </full-stacktrace>
          </exception> <!-- org.openqa.selenium.StaleElementReferenceException -->
          <reporter-output>
            <line>
              <![CDATA[waitForVisible():  {oUserNameInput}, {By.name: username}]]>
            </line>
            <line>
              <![CDATA[waitForElement():  {oUserNameInput}, {By.name: username}]]>
            </line>
          </reporter-output>
        </test-method> <!-- checkPofilesPageElements -->
      </class> <!-- patient.tests.AddCardTest -->
    </test> <!-- Login and Register -->
  </suite> <!-- Critical Path -->
</testng-results>
